# JRE version: 7.0_15-b03
# Java VM: Java HotSpot(TM) Client VM (23.7-b01 mixed mode windows-x86 )
Heap
 def new generation   total 17600K, used 7409K [0x03b30000, 0x04e40000, 0x09080000)
  eden space 15680K,  35% used [0x03b30000, 0x0408c658, 0x04a80000)
  from space 1920K, 100% used [0x04c60000, 0x04e40000, 0x04e40000)
  to   space 1920K,   0% used [0x04a80000, 0x04a80000, 0x04c60000)
 tenured generation   total 38884K, used 25453K [0x09080000, 0x0b679000, 0x13b30000)
   the space 38884K,  65% used [0x09080000, 0x0a95b798, 0x0a95b800, 0x0b679000)
 compacting perm gen  total 15360K, used 15150K [0x13b30000, 0x14a30000, 0x17b30000)
   the space 15360K,  98% used [0x13b30000, 0x149fbac0, 0x149fbc00, 0x14a30000)
GC Heap History (10 events):
Event: 11.555 GC heap before
{Heap before GC invocations=58 (full 2):
 def new generation   total 10752K, used 10752K [0x03b30000, 0x046d0000, 0x09080000)
  eden space 9600K, 100% used [0x03b30000, 0x04490000, 0x04490000)
  from space 1152K, 100% used [0x04490000, 0x045b0000, 0x045b0000)
  to   space 1152K,   0% used [0x045b0000, 0x045b0000, 0x046d0000)
 tenured generation   total 23800K, used 23064K [0x09080000, 0x0a7be000, 0x13b30000)
   the space 23800K,  96% used [0x09080000, 0x0a706020, 0x0a706200, 0x0a7be000)
 compacting perm gen  total 12288K, used 8132K [0x13b30000, 0x14730000, 0x17b30000)
   the space 12288K,  66% used [0x13b30000, 0x14321368, 0x14321400, 0x14730000)
No shared spaces configured.
Event: 11.564 GC heap after
Heap after GC invocations=59 (full 2):
 def new generation   total 10752K, used 1152K [0x03b30000, 0x046d0000, 0x09080000)
  eden space 9600K,   0% used [0x03b30000, 0x03b30000, 0x04490000)
  from space 1152K, 100% used [0x045b0000, 0x046d0000, 0x046d0000)
  to   space 1152K,   0% used [0x04490000, 0x04490000, 0x045b0000)
 tenured generation   total 23800K, used 23778K [0x09080000, 0x0a7be000, 0x13b30000)
   the space 23800K,  99% used [0x09080000, 0x0a7b8bb0, 0x0a7b8c00, 0x0a7be000)
 compacting perm gen  total 12288K, used 8132K [0x13b30000, 0x14730000, 0x17b30000)
   the space 12288K,  66% used [0x13b30000, 0x14321368, 0x14321400, 0x14730000)
No shared spaces configured.
}
Event: 51.917 GC heap before
{Heap before GC invocations=59 (full 2):
 def new generation   total 10752K, used 10752K [0x03b30000, 0x046d0000, 0x09080000)
  eden space 9600K, 100% used [0x03b30000, 0x04490000, 0x04490000)
  from space 1152K, 100% used [0x045b0000, 0x046d0000, 0x046d0000)
  to   space 1152K,   0% used [0x04490000, 0x04490000, 0x045b0000)
 tenured generation   total 23800K, used 23778K [0x09080000, 0x0a7be000, 0x13b30000)
   the space 23800K,  99% used [0x09080000, 0x0a7b8bb0, 0x0a7b8c00, 0x0a7be000)
 compacting perm gen  total 12288K, used 9344K [0x13b30000, 0x14730000, 0x17b30000)
   the space 12288K,  76% used [0x13b30000, 0x14450038, 0x14450200, 0x14730000)
No shared spaces configured.
Event: 52.091 GC heap after
Heap after GC invocations=60 (full 3):
 def new generation   total 17600K, used 0K [0x03b30000, 0x04e40000, 0x09080000)
  eden space 15680K,   0% used [0x03b30000, 0x03b30000, 0x04a80000)
  from space 1920K,   0% used [0x04a80000, 0x04a80000, 0x04c60000)
  to   space 1920K,   0% used [0x04c60000, 0x04c60000, 0x04e40000)
 tenured generation   total 38884K, used 23329K [0x09080000, 0x0b679000, 0x13b30000)
   the space 38884K,  59% used [0x09080000, 0x0a748768, 0x0a748800, 0x0b679000)
 compacting perm gen  total 12288K, used 9344K [0x13b30000, 0x14730000, 0x17b30000)
   the space 12288K,  76% used [0x13b30000, 0x14450038, 0x14450200, 0x14730000)
No shared spaces configured.
}
Event: 85.297 GC heap before
{Heap before GC invocations=60 (full 3):
 def new generation   total 17600K, used 15680K [0x03b30000, 0x04e40000, 0x09080000)
  eden space 15680K, 100% used [0x03b30000, 0x04a80000, 0x04a80000)
  from space 1920K,   0% used [0x04a80000, 0x04a80000, 0x04c60000)
  to   space 1920K,   0% used [0x04c60000, 0x04c60000, 0x04e40000)
 tenured generation   total 38884K, used 23329K [0x09080000, 0x0b679000, 0x13b30000)
   the space 38884K,  59% used [0x09080000, 0x0a748768, 0x0a748800, 0x0b679000)
 compacting perm gen  total 12288K, used 11112K [0x13b30000, 0x14730000, 0x17b30000)
   the space 12288K,  90% used [0x13b30000, 0x1460a068, 0x1460a200, 0x14730000)
No shared spaces configured.
Event: 85.305 GC heap after
Heap after GC invocations=61 (full 3):
 def new generation   total 17600K, used 749K [0x03b30000, 0x04e40000, 0x09080000)
  eden space 15680K,   0% used [0x03b30000, 0x03b30000, 0x04a80000)
  from space 1920K,  39% used [0x04c60000, 0x04d1b7b0, 0x04e40000)
  to   space 1920K,   0% used [0x04a80000, 0x04a80000, 0x04c60000)
 tenured generation   total 38884K, used 23329K [0x09080000, 0x0b679000, 0x13b30000)
   the space 38884K,  59% used [0x09080000, 0x0a748768, 0x0a748800, 0x0b679000)
 compacting perm gen  total 12288K, used 11112K [0x13b30000, 0x14730000, 0x17b30000)
   the space 12288K,  90% used [0x13b30000, 0x1460a068, 0x1460a200, 0x14730000)
No shared spaces configured.
}
Event: 146.309 GC heap before
{Heap before GC invocations=61 (full 3):
 def new generation   total 17600K, used 16429K [0x03b30000, 0x04e40000, 0x09080000)
  eden space 15680K, 100% used [0x03b30000, 0x04a80000, 0x04a80000)
  from space 1920K,  39% used [0x04c60000, 0x04d1b7b0, 0x04e40000)
  to   space 1920K,   0% used [0x04a80000, 0x04a80000, 0x04c60000)
 tenured generation   total 38884K, used 23329K [0x09080000, 0x0b679000, 0x13b30000)
   the space 38884K,  59% used [0x09080000, 0x0a748768, 0x0a748800, 0x0b679000)
 compacting perm gen  total 12800K, used 12626K [0x13b30000, 0x147b0000, 0x17b30000)
   the space 12800K,  98% used [0x13b30000, 0x14784998, 0x14784a00, 0x147b0000)
No shared spaces configured.
Event: 146.319 GC heap after
Heap after GC invocations=62 (full 3):
 def new generation   total 17600K, used 1920K [0x03b30000, 0x04e40000, 0x09080000)
  eden space 15680K,   0% used [0x03b30000, 0x03b30000, 0x04a80000)
  from space 1920K, 100% used [0x04a80000, 0x04c60000, 0x04c60000)
  to   space 1920K,   0% used [0x04c60000, 0x04c60000, 0x04e40000)
 tenured generation   total 38884K, used 23566K [0x09080000, 0x0b679000, 0x13b30000)
   the space 38884K,  60% used [0x09080000, 0x0a783a90, 0x0a783c00, 0x0b679000)
 compacting perm gen  total 12800K, used 12626K [0x13b30000, 0x147b0000, 0x17b30000)
   the space 12800K,  98% used [0x13b30000, 0x14784998, 0x14784a00, 0x147b0000)
No shared spaces configured.
}
Event: 149.892 GC heap before
{Heap before GC invocations=62 (full 3):
 def new generation   total 17600K, used 17600K [0x03b30000, 0x04e40000, 0x09080000)
  eden space 15680K, 100% used [0x03b30000, 0x04a80000, 0x04a80000)
  from space 1920K, 100% used [0x04a80000, 0x04c60000, 0x04c60000)
  to   space 1920K,   0% used [0x04c60000, 0x04c60000, 0x04e40000)
 tenured generation   total 38884K, used 23566K [0x09080000, 0x0b679000, 0x13b30000)
   the space 38884K,  60% used [0x09080000, 0x0a783a90, 0x0a783c00, 0x0b679000)
 compacting perm gen  total 14848K, used 14833K [0x13b30000, 0x149b0000, 0x17b30000)
   the space 14848K,  99% used [0x13b30000, 0x149ac740, 0x149ac800, 0x149b0000)
No shared spaces configured.
Event: 149.911 GC heap after
Heap after GC invocations=63 (full 3):
 def new generation   total 17600K, used 1920K [0x03b30000, 0x04e40000, 0x09080000)
  eden space 15680K,   0% used [0x03b30000, 0x03b30000, 0x04a80000)
  from space 1920K, 100% used [0x04c60000, 0x04e40000, 0x04e40000)
  to   space 1920K,   0% used [0x04a80000, 0x04a80000, 0x04c60000)
 tenured generation   total 38884K, used 25453K [0x09080000, 0x0b679000, 0x13b30000)
   the space 38884K,  65% used [0x09080000, 0x0a95b798, 0x0a95b800, 0x0b679000)
 compacting perm gen  total 14848K, used 14833K [0x13b30000, 0x149b0000, 0x17b30000)
   the space 14848K,  99% used [0x13b30000, 0x149ac740, 0x149ac800, 0x149b0000)
No shared spaces configured.
}

